<?xml version="1.0" encoding="UTF-8"?>
<!-- Generated by org.testng.reporters.JUnitXMLReporter -->
<testsuite ignored="3" hostname="ATUL" failures="2" tests="34" name="Test" time="323.384" errors="0" timestamp="2023-08-08T20:17:02 IST">
  <testcase classname="com.bookart.testcases.TC_2_UiHomePage" name="A_LaunchedBaseURL" time="3.75"/>
  <testcase classname="com.bookart.testcases.TC_1_BaseURl_HandleNewspopup" name="TC_Verify_LaunchedBaseURL" time="2.937"/>
  <testcase classname="com.bookart.testcases.TC_1_BaseURl_HandleNewspopup" name="TC_Verify_to_HandleNewsletterPopup" time="6.227"/>
  <testcase classname="com.bookart.testcases.TC_2_UiHomePage" name="verifybookbtn" time="6.723"/>
  <testcase classname="com.bookart.testcases.TC_2_UiHomePage" name="currentAffairs" time="8.821"/>
  <testcase classname="com.bookart.testcases.TC_2_UiHomePage" name="drishti" time="12.155"/>
  <testcase classname="com.bookart.testcases.TC_2_UiHomePage" name="maheshkumar" time="4.674"/>
  <testcase classname="com.bookart.testcases.TC_2_UiHomePage" name="thevision" time="5.75"/>
  <testcase classname="com.bookart.testcases.TC_2_UiHomePage" name="whatsappIcon" time="8.261"/>
  <testcase classname="com.bookart.testcases.TC_3_Register_SignUp" name="TC_Verify_NavigationFlow_from_HomePage_To_SignupPage" time="10.1"/>
  <testcase classname="com.bookart.testcases.TC_3_Register_SignUp" name="TC_Validating_NavigationOf_SignInpage_from_SignUpPage" time="1.506"/>
  <testcase classname="com.bookart.testcases.TC_3_Register_SignUp" name="TC_Verify_CustomerSignUp_ForAlready_Registered_Customer" time="3.408"/>
  <testcase classname="com.bookart.testcases.TC_4_Login_Test" name="TC_Login_Verify_LoginPageURL" time="9.184"/>
  <testcase classname="com.bookart.testcases.TC_4_Login_Test" name="TC_Login_Validate_LoginPagetitle" time="1.248"/>
  <testcase classname="com.bookart.testcases.TC_4_Login_Test" name="TC_Login_Verify_Entering_wrong_password_and_login_will_Show_Error_message" time="3.016"/>
  <testcase classname="com.bookart.testcases.TC_4_Login_Test" name="TC_Login_Verify_Valid_Login_Credentials" time="59.787"/>
  <testcase classname="com.bookart.testcases.TC_5_SearchPage" name="verifySearchPage" time="8.237"/>
  <testcase classname="com.bookart.testcases.TC_7_AddtoCart_Test" name="addCart" time="5.753"/>
  <testcase classname="com.bookart.testcases.TC_7_AddtoCart_Test" name="addmultipleCart" time="4.307"/>
  <testcase classname="com.bookart.testcases.TC_7_AddtoCart_Test" name="outOfStock" time="38.354"/>
  <testcase classname="com.bookart.testcases.TC_7_AddtoCart_Test" name="removeIteam" time="4.96"/>
  <testcase classname="com.bookart.testcases.TC_7_AddtoCart_Test" name="emptyCart" time="2.998"/>
  <testcase classname="com.bookart.testcases.TC_6_ViewBagPage" name="AddCart" time="2.044"/>
  <testcase classname="com.bookart.testcases.TC_6_ViewBagPage" name="VerifyAddCart" time="6.737"/>
  <testcase classname="com.bookart.testcases.TC_6_ViewBagPage" name="AddCartClick" time="0.073"/>
  <testcase classname="com.bookart.testcases.TC_6_ViewBagPage" name="ViewBagButton" time="3.061"/>
  <testcase classname="com.bookart.testcases.TC_6_ViewBagPage" name="Your_Cart" time="0.396"/>
  <testcase classname="com.bookart.testcases.TC_6_ViewBagPage" name="quantity" time="0.471">
    <failure type="java.lang.AssertionError" message="expected [335] but found [₹335]">
      <![CDATA[java.lang.AssertionError: expected [335] but found [₹335]
at com.bookart.testcases.TC_6_ViewBagPage.quantity(TC_6_ViewBagPage.java:72)
at java.base/java.util.ArrayList.forEach(ArrayList.java:1511)
... Removed 33 stack frames]]>
    </failure>
  </testcase> <!-- quantity -->
  <testcase classname="com.bookart.testcases.TC_6_ViewBagPage" name="update_quantity" time="3.211">
    <failure type="java.lang.AssertionError" message="expected [670] but found [₹670]">
      <![CDATA[java.lang.AssertionError: expected [670] but found [₹670]
at com.bookart.testcases.TC_6_ViewBagPage.update_quantity(TC_6_ViewBagPage.java:81)
at java.base/java.util.ArrayList.forEach(ArrayList.java:1511)
... Removed 33 stack frames]]>
    </failure>
  </testcase> <!-- update_quantity -->
  <testcase classname="com.bookart.testcases.TC_8_CheckoutBilling_Payment_ConfirmOrder_test" name="AddingElementToCart" time="11.269"/>
  <testcase classname="com.bookart.testcases.TC_8_CheckoutBilling_Payment_ConfirmOrder_test" name="BillingAndShippingPage" time="4.922"/>
  <testcase classname="com.bookart.testcases.TC_8_CheckoutBilling_Payment_ConfirmOrder_test" name="PaymentOptionsPageWithoutoupencode" time="3.765"/>
  <testcase classname="com.bookart.testcases.TC_8_CheckoutBilling_Payment_ConfirmOrder_test" name="ReviewAndConfirmPage" time="5.253"/>
  <testcase classname="com.bookart.testcases.TC_8_CheckoutBilling_Payment_ConfirmOrder_test" name="ConfirmOrderpage" time="2.936"/>
  <testcase classname="com.bookart.testcases.TC_6_ViewBagPage" name="Total" time="0.0">
    <ignored/>
  </testcase> <!-- Total -->
  <testcase classname="com.bookart.testcases.TC_6_ViewBagPage" name="checkout" time="0.0">
    <ignored/>
  </testcase> <!-- checkout -->
  <testcase classname="com.bookart.testcases.TC_4_Login_Test" name="TC_Login_Verify_Entering_wrong_Email_and_login_will_Show_Error_message" time="0.0">
    <ignored/>
  </testcase> <!-- TC_Login_Verify_Entering_wrong_Email_and_login_will_Show_Error_message -->
</testsuite> <!-- Test -->
