<html>
<head>
<title>TestNG:  Test</title>
<link href="../testng.css" rel="stylesheet" type="text/css" />
<link href="../my-testng.css" rel="stylesheet" type="text/css" />

<style type="text/css">
.log { display: none;} 
.stack-trace { display: none;} 
</style>
<script type="text/javascript">
<!--
function flip(e) {
  current = e.style.display;
  if (current == 'block') {
    e.style.display = 'none';
    return 0;
  }
  else {
    e.style.display = 'block';
    return 1;
  }
}

function toggleBox(szDivId, elem, msg1, msg2)
{
  var res = -1;  if (document.getElementById) {
    res = flip(document.getElementById(szDivId));
  }
  else if (document.all) {
    // this is the way old msie versions work
    res = flip(document.all[szDivId]);
  }
  if(elem) {
    if(res == 0) elem.innerHTML = msg1; else elem.innerHTML = msg2;
  }

}

function toggleAllBoxes() {
  if (document.getElementsByTagName) {
    d = document.getElementsByTagName('div');
    for (i = 0; i < d.length; i++) {
      if (d[i].className == 'log') {
        flip(d[i]);
      }
    }
  }
}

// -->
</script>

</head>
<body>
<h2 align='center'>Test</h2><table border='1' align="center">
<tr>
<td>Tests passed/Failed/Skipped:</td><td>32/2/0</td>
</tr><tr>
<td>Started on:</td><td>Tue Aug 08 20:11:37 IST 2023</td>
</tr>
<tr><td>Total time:</td><td>323 seconds (323384 ms)</td>
</tr><tr>
<td>Included groups:</td><td></td>
</tr><tr>
<td>Excluded groups:</td><td></td>
</tr>
</table><p/>
<small><i>(Hover the method name to see the test class name)</i></small><p/>
<table width='100%' border='1' class='invocation-failed'>
<tr><td colspan='4' align='center'><b>FAILED TESTS</b></td></tr>
<tr><td><b>Test method</b></td>
<td><b>Attribute(s)</b></td>
<td width="30%"><b>Exception</b></td>
<td width="10%"><b>Time (seconds)</b></td>
<td><b>Instance</b></td>
</tr>
<tr>
<td title='com.bookart.testcases.TC_6_ViewBagPage.update_quantity()'><b>update_quantity</b><br>Test class: com.bookart.testcases.TC_6_ViewBagPage</td>
<td><div><pre>java.lang.AssertionError: expected [670] but found [₹670]
	at com.bookart.testcases.TC_6_ViewBagPage.update_quantity(TC_6_ViewBagPage.java:81)
	at java.base/java.util.ArrayList.forEach(ArrayList.java:1511)
... Removed 33 stack frames</pre></div><a href='#' onClick='toggleBox("stack-trace1447527714", this, "Click to show all stack frames", "Click to hide stack frames")'>Click to show all stack frames</a>
<div class='stack-trace' id='stack-trace1447527714'><pre>java.lang.AssertionError: expected [670] but found [₹670]
	at org.testng.Assert.fail(Assert.java:110)
	at org.testng.Assert.failNotEquals(Assert.java:1413)
	at org.testng.Assert.assertEqualsImpl(Assert.java:149)
	at org.testng.Assert.assertEquals(Assert.java:131)
	at org.testng.Assert.assertEquals(Assert.java:655)
	at org.testng.Assert.assertEquals(Assert.java:665)
	at com.bookart.testcases.TC_6_ViewBagPage.update_quantity(TC_6_ViewBagPage.java:81)
	at java.base/jdk.internal.reflect.NativeMethodAccessorImpl.invoke0(Native Method)
	at java.base/jdk.internal.reflect.NativeMethodAccessorImpl.invoke(NativeMethodAccessorImpl.java:77)
	at java.base/jdk.internal.reflect.DelegatingMethodAccessorImpl.invoke(DelegatingMethodAccessorImpl.java:43)
	at java.base/java.lang.reflect.Method.invoke(Method.java:568)
	at org.testng.internal.invokers.MethodInvocationHelper.invokeMethod(MethodInvocationHelper.java:139)
	at org.testng.internal.invokers.TestInvoker.invokeMethod(TestInvoker.java:677)
	at org.testng.internal.invokers.TestInvoker.invokeTestMethod(TestInvoker.java:221)
	at org.testng.internal.invokers.MethodRunner.runInSequence(MethodRunner.java:50)
	at org.testng.internal.invokers.TestInvoker$MethodInvocationAgent.invoke(TestInvoker.java:969)
	at org.testng.internal.invokers.TestInvoker.invokeTestMethods(TestInvoker.java:194)
	at org.testng.internal.invokers.TestMethodWorker.invokeTestMethods(TestMethodWorker.java:148)
	at org.testng.internal.invokers.TestMethodWorker.run(TestMethodWorker.java:128)
	at java.base/java.util.ArrayList.forEach(ArrayList.java:1511)
	at org.testng.TestRunner.privateRun(TestRunner.java:829)
	at org.testng.TestRunner.run(TestRunner.java:602)
	at org.testng.SuiteRunner.runTest(SuiteRunner.java:437)
	at org.testng.SuiteRunner.runSequentially(SuiteRunner.java:431)
	at org.testng.SuiteRunner.privateRun(SuiteRunner.java:391)
	at org.testng.SuiteRunner.run(SuiteRunner.java:330)
	at org.testng.SuiteRunnerWorker.runSuite(SuiteRunnerWorker.java:52)
	at org.testng.SuiteRunnerWorker.run(SuiteRunnerWorker.java:95)
	at org.testng.TestNG.runSuitesSequentially(TestNG.java:1256)
	at org.testng.TestNG.runSuitesLocally(TestNG.java:1176)
	at org.testng.TestNG.runSuites(TestNG.java:1099)
	at org.testng.TestNG.run(TestNG.java:1067)
	at org.testng.remote.AbstractRemoteTestNG.run(AbstractRemoteTestNG.java:115)
	at org.testng.remote.RemoteTestNG.initAndRun(RemoteTestNG.java:251)
	at org.testng.remote.RemoteTestNG.main(RemoteTestNG.java:77)
</pre></div></td>
<td>3</td>
<td>com.bookart.testcases.TC_6_ViewBagPage@6a4f1a55</td></tr>
<tr>
<td title='com.bookart.testcases.TC_6_ViewBagPage.quantity()'><b>quantity</b><br>Test class: com.bookart.testcases.TC_6_ViewBagPage</td>
<td><div><pre>java.lang.AssertionError: expected [335] but found [₹335]
	at com.bookart.testcases.TC_6_ViewBagPage.quantity(TC_6_ViewBagPage.java:72)
	at java.base/java.util.ArrayList.forEach(ArrayList.java:1511)
... Removed 33 stack frames</pre></div><a href='#' onClick='toggleBox("stack-trace242945004", this, "Click to show all stack frames", "Click to hide stack frames")'>Click to show all stack frames</a>
<div class='stack-trace' id='stack-trace242945004'><pre>java.lang.AssertionError: expected [335] but found [₹335]
	at org.testng.Assert.fail(Assert.java:110)
	at org.testng.Assert.failNotEquals(Assert.java:1413)
	at org.testng.Assert.assertEqualsImpl(Assert.java:149)
	at org.testng.Assert.assertEquals(Assert.java:131)
	at org.testng.Assert.assertEquals(Assert.java:655)
	at org.testng.Assert.assertEquals(Assert.java:665)
	at com.bookart.testcases.TC_6_ViewBagPage.quantity(TC_6_ViewBagPage.java:72)
	at java.base/jdk.internal.reflect.NativeMethodAccessorImpl.invoke0(Native Method)
	at java.base/jdk.internal.reflect.NativeMethodAccessorImpl.invoke(NativeMethodAccessorImpl.java:77)
	at java.base/jdk.internal.reflect.DelegatingMethodAccessorImpl.invoke(DelegatingMethodAccessorImpl.java:43)
	at java.base/java.lang.reflect.Method.invoke(Method.java:568)
	at org.testng.internal.invokers.MethodInvocationHelper.invokeMethod(MethodInvocationHelper.java:139)
	at org.testng.internal.invokers.TestInvoker.invokeMethod(TestInvoker.java:677)
	at org.testng.internal.invokers.TestInvoker.invokeTestMethod(TestInvoker.java:221)
	at org.testng.internal.invokers.MethodRunner.runInSequence(MethodRunner.java:50)
	at org.testng.internal.invokers.TestInvoker$MethodInvocationAgent.invoke(TestInvoker.java:969)
	at org.testng.internal.invokers.TestInvoker.invokeTestMethods(TestInvoker.java:194)
	at org.testng.internal.invokers.TestMethodWorker.invokeTestMethods(TestMethodWorker.java:148)
	at org.testng.internal.invokers.TestMethodWorker.run(TestMethodWorker.java:128)
	at java.base/java.util.ArrayList.forEach(ArrayList.java:1511)
	at org.testng.TestRunner.privateRun(TestRunner.java:829)
	at org.testng.TestRunner.run(TestRunner.java:602)
	at org.testng.SuiteRunner.runTest(SuiteRunner.java:437)
	at org.testng.SuiteRunner.runSequentially(SuiteRunner.java:431)
	at org.testng.SuiteRunner.privateRun(SuiteRunner.java:391)
	at org.testng.SuiteRunner.run(SuiteRunner.java:330)
	at org.testng.SuiteRunnerWorker.runSuite(SuiteRunnerWorker.java:52)
	at org.testng.SuiteRunnerWorker.run(SuiteRunnerWorker.java:95)
	at org.testng.TestNG.runSuitesSequentially(TestNG.java:1256)
	at org.testng.TestNG.runSuitesLocally(TestNG.java:1176)
	at org.testng.TestNG.runSuites(TestNG.java:1099)
	at org.testng.TestNG.run(TestNG.java:1067)
	at org.testng.remote.AbstractRemoteTestNG.run(AbstractRemoteTestNG.java:115)
	at org.testng.remote.RemoteTestNG.initAndRun(RemoteTestNG.java:251)
	at org.testng.remote.RemoteTestNG.main(RemoteTestNG.java:77)
</pre></div></td>
<td>0</td>
<td>com.bookart.testcases.TC_6_ViewBagPage@6a4f1a55</td></tr>
</table><p>
<table width='100%' border='1' class='invocation-passed'>
<tr><td colspan='4' align='center'><b>PASSED TESTS</b></td></tr>
<tr><td><b>Test method</b></td>
<td><b>Attribute(s)</b></td>
<td width="30%"><b>Exception</b></td>
<td width="10%"><b>Time (seconds)</b></td>
<td><b>Instance</b></td>
</tr>
<tr>
<td title='com.bookart.testcases.TC_2_UiHomePage.drishti()'><b>drishti</b><br>Test class: com.bookart.testcases.TC_2_UiHomePage</td>
<td></td>
<td>12</td>
<td>com.bookart.testcases.TC_2_UiHomePage@1500b2f3</td></tr>
<tr>
<td title='com.bookart.testcases.TC_3_Register_SignUp.TC_Verify_CustomerSignUp_ForAlready_Registered_Customer()'><b>TC_Verify_CustomerSignUp_ForAlready_Registered_Customer</b><br>Test class: com.bookart.testcases.TC_3_Register_SignUp</td>
<td></td>
<td>3</td>
<td>com.bookart.testcases.TC_3_Register_SignUp@1807f5a7</td></tr>
<tr>
<td title='com.bookart.testcases.TC_5_SearchPage.verifySearchPage()'><b>verifySearchPage</b><br>Test class: com.bookart.testcases.TC_5_SearchPage</td>
<td></td>
<td>8</td>
<td>com.bookart.testcases.TC_5_SearchPage@7fb4f2a9</td></tr>
<tr>
<td title='com.bookart.testcases.TC_2_UiHomePage.TC_Verify_to_HandleNewsletterPopup()'><b>TC_Verify_to_HandleNewsletterPopup</b><br>Test class: com.bookart.testcases.TC_2_UiHomePage</td>
<td></td>
<td>6</td>
<td>com.bookart.testcases.TC_2_UiHomePage@1500b2f3</td></tr>
<tr>
<td title='com.bookart.testcases.TC_2_UiHomePage.maheshkumar()'><b>maheshkumar</b><br>Test class: com.bookart.testcases.TC_2_UiHomePage</td>
<td></td>
<td>4</td>
<td>com.bookart.testcases.TC_2_UiHomePage@1500b2f3</td></tr>
<tr>
<td title='com.bookart.testcases.TC_7_AddtoCart_Test.addCart()'><b>addCart</b><br>Test class: com.bookart.testcases.TC_7_AddtoCart_Test</td>
<td></td>
<td>5</td>
<td>com.bookart.testcases.TC_7_AddtoCart_Test@4dc27487</td></tr>
<tr>
<td title='com.bookart.testcases.TC_2_UiHomePage.thevision()'><b>thevision</b><br>Test class: com.bookart.testcases.TC_2_UiHomePage</td>
<td></td>
<td>5</td>
<td>com.bookart.testcases.TC_2_UiHomePage@1500b2f3</td></tr>
<tr>
<td title='com.bookart.testcases.TC_2_UiHomePage.currentAffairs()'><b>currentAffairs</b><br>Test class: com.bookart.testcases.TC_2_UiHomePage</td>
<td></td>
<td>8</td>
<td>com.bookart.testcases.TC_2_UiHomePage@1500b2f3</td></tr>
<tr>
<td title='com.bookart.testcases.TC_7_AddtoCart_Test.addmultipleCart()'><b>addmultipleCart</b><br>Test class: com.bookart.testcases.TC_7_AddtoCart_Test</td>
<td></td>
<td>4</td>
<td>com.bookart.testcases.TC_7_AddtoCart_Test@4dc27487</td></tr>
<tr>
<td title='com.bookart.testcases.TC_6_ViewBagPage.VerifyAddCart()'><b>VerifyAddCart</b><br>Test class: com.bookart.testcases.TC_6_ViewBagPage</td>
<td></td>
<td>6</td>
<td>com.bookart.testcases.TC_6_ViewBagPage@6a4f1a55</td></tr>
<tr>
<td title='com.bookart.testcases.TC_2_UiHomePage.whatsappIcon()'><b>whatsappIcon</b><br>Test class: com.bookart.testcases.TC_2_UiHomePage</td>
<td></td>
<td>8</td>
<td>com.bookart.testcases.TC_2_UiHomePage@1500b2f3</td></tr>
<tr>
<td title='com.bookart.testcases.TC_6_ViewBagPage.Your_Cart()'><b>Your_Cart</b><br>Test class: com.bookart.testcases.TC_6_ViewBagPage</td>
<td></td>
<td>0</td>
<td>com.bookart.testcases.TC_6_ViewBagPage@6a4f1a55</td></tr>
<tr>
<td title='com.bookart.testcases.TC_7_AddtoCart_Test.removeIteam()'><b>removeIteam</b><br>Test class: com.bookart.testcases.TC_7_AddtoCart_Test</td>
<td></td>
<td>4</td>
<td>com.bookart.testcases.TC_7_AddtoCart_Test@4dc27487</td></tr>
<tr>
<td title='com.bookart.testcases.TC_8_CheckoutBilling_Payment_ConfirmOrder_test.ConfirmOrderpage()'><b>ConfirmOrderpage</b><br>Test class: com.bookart.testcases.TC_8_CheckoutBilling_Payment_ConfirmOrder_test</td>
<td></td>
<td>2</td>
<td>com.bookart.testcases.TC_8_CheckoutBilling_Payment_ConfirmOrder_test@7dfd3c81</td></tr>
<tr>
<td title='com.bookart.testcases.TC_8_CheckoutBilling_Payment_ConfirmOrder_test.PaymentOptionsPageWithoutoupencode()'><b>PaymentOptionsPageWithoutoupencode</b><br>Test class: com.bookart.testcases.TC_8_CheckoutBilling_Payment_ConfirmOrder_test</td>
<td></td>
<td>3</td>
<td>com.bookart.testcases.TC_8_CheckoutBilling_Payment_ConfirmOrder_test@7dfd3c81</td></tr>
<tr>
<td title='com.bookart.testcases.TC_2_UiHomePage.A_LaunchedBaseURL()'><b>A_LaunchedBaseURL</b><br>Test class: com.bookart.testcases.TC_2_UiHomePage</td>
<td></td>
<td>3</td>
<td>com.bookart.testcases.TC_2_UiHomePage@1500b2f3</td></tr>
<tr>
<td title='com.bookart.testcases.TC_3_Register_SignUp.TC_Verify_NavigationFlow_from_HomePage_To_SignupPage()'><b>TC_Verify_NavigationFlow_from_HomePage_To_SignupPage</b><br>Test class: com.bookart.testcases.TC_3_Register_SignUp</td>
<td></td>
<td>10</td>
<td>com.bookart.testcases.TC_3_Register_SignUp@1807f5a7</td></tr>
<tr>
<td title='com.bookart.testcases.TC_2_UiHomePage.TC_Verify_LaunchedBaseURL()'><b>TC_Verify_LaunchedBaseURL</b><br>Test class: com.bookart.testcases.TC_2_UiHomePage</td>
<td></td>
<td>2</td>
<td>com.bookart.testcases.TC_2_UiHomePage@1500b2f3</td></tr>
<tr>
<td title='com.bookart.testcases.TC_7_AddtoCart_Test.outOfStock()'><b>outOfStock</b><br>Test class: com.bookart.testcases.TC_7_AddtoCart_Test</td>
<td></td>
<td>38</td>
<td>com.bookart.testcases.TC_7_AddtoCart_Test@4dc27487</td></tr>
<tr>
<td title='com.bookart.testcases.TC_7_AddtoCart_Test.emptyCart()'><b>emptyCart</b><br>Test class: com.bookart.testcases.TC_7_AddtoCart_Test</td>
<td></td>
<td>2</td>
<td>com.bookart.testcases.TC_7_AddtoCart_Test@4dc27487</td></tr>
<tr>
<td title='com.bookart.testcases.TC_2_UiHomePage.verifybookbtn()'><b>verifybookbtn</b><br>Test class: com.bookart.testcases.TC_2_UiHomePage</td>
<td></td>
<td>6</td>
<td>com.bookart.testcases.TC_2_UiHomePage@1500b2f3</td></tr>
<tr>
<td title='com.bookart.testcases.TC_3_Register_SignUp.TC_Validating_NavigationOf_SignInpage_from_SignUpPage()'><b>TC_Validating_NavigationOf_SignInpage_from_SignUpPage</b><br>Test class: com.bookart.testcases.TC_3_Register_SignUp</td>
<td></td>
<td>1</td>
<td>com.bookart.testcases.TC_3_Register_SignUp@1807f5a7</td></tr>
<tr>
<td title='com.bookart.testcases.TC_6_ViewBagPage.AddCartClick()'><b>AddCartClick</b><br>Test class: com.bookart.testcases.TC_6_ViewBagPage</td>
<td></td>
<td>0</td>
<td>com.bookart.testcases.TC_6_ViewBagPage@6a4f1a55</td></tr>
<tr>
<td title='com.bookart.testcases.TC_8_CheckoutBilling_Payment_ConfirmOrder_test.AddingElementToCart()'><b>AddingElementToCart</b><br>Test class: com.bookart.testcases.TC_8_CheckoutBilling_Payment_ConfirmOrder_test</td>
<td></td>
<td>11</td>
<td>com.bookart.testcases.TC_8_CheckoutBilling_Payment_ConfirmOrder_test@7dfd3c81</td></tr>
<tr>
<td title='com.bookart.testcases.TC_6_ViewBagPage.ViewBagButton()'><b>ViewBagButton</b><br>Test class: com.bookart.testcases.TC_6_ViewBagPage</td>
<td></td>
<td>3</td>
<td>com.bookart.testcases.TC_6_ViewBagPage@6a4f1a55</td></tr>
<tr>
<td title='com.bookart.testcases.TC_4_Login_Test.TC_Login_Verify_LoginPageURL()'><b>TC_Login_Verify_LoginPageURL</b><br>Test class: com.bookart.testcases.TC_4_Login_Test</td>
<td></td>
<td>9</td>
<td>com.bookart.testcases.TC_4_Login_Test@1b919693</td></tr>
<tr>
<td title='com.bookart.testcases.TC_4_Login_Test.TC_Login_Verify_Valid_Login_Credentials()'><b>TC_Login_Verify_Valid_Login_Credentials</b><br>Test class: com.bookart.testcases.TC_4_Login_Test</td>
<td></td>
<td>59</td>
<td>com.bookart.testcases.TC_4_Login_Test@1b919693</td></tr>
<tr>
<td title='com.bookart.testcases.TC_8_CheckoutBilling_Payment_ConfirmOrder_test.BillingAndShippingPage()'><b>BillingAndShippingPage</b><br>Test class: com.bookart.testcases.TC_8_CheckoutBilling_Payment_ConfirmOrder_test</td>
<td></td>
<td>4</td>
<td>com.bookart.testcases.TC_8_CheckoutBilling_Payment_ConfirmOrder_test@7dfd3c81</td></tr>
<tr>
<td title='com.bookart.testcases.TC_4_Login_Test.TC_Login_Verify_Entering_wrong_password_and_login_will_Show_Error_message()'><b>TC_Login_Verify_Entering_wrong_password_and_login_will_Show_Error_message</b><br>Test class: com.bookart.testcases.TC_4_Login_Test</td>
<td></td>
<td>3</td>
<td>com.bookart.testcases.TC_4_Login_Test@1b919693</td></tr>
<tr>
<td title='com.bookart.testcases.TC_4_Login_Test.TC_Login_Validate_LoginPagetitle()'><b>TC_Login_Validate_LoginPagetitle</b><br>Test class: com.bookart.testcases.TC_4_Login_Test</td>
<td></td>
<td>1</td>
<td>com.bookart.testcases.TC_4_Login_Test@1b919693</td></tr>
<tr>
<td title='com.bookart.testcases.TC_6_ViewBagPage.AddCart()'><b>AddCart</b><br>Test class: com.bookart.testcases.TC_6_ViewBagPage</td>
<td></td>
<td>2</td>
<td>com.bookart.testcases.TC_6_ViewBagPage@6a4f1a55</td></tr>
<tr>
<td title='com.bookart.testcases.TC_8_CheckoutBilling_Payment_ConfirmOrder_test.ReviewAndConfirmPage()'><b>ReviewAndConfirmPage</b><br>Test class: com.bookart.testcases.TC_8_CheckoutBilling_Payment_ConfirmOrder_test</td>
<td></td>
<td>5</td>
<td>com.bookart.testcases.TC_8_CheckoutBilling_Payment_ConfirmOrder_test@7dfd3c81</td></tr>
</table><p>
</body>
</html>